<?xml version="1.0" encoding="UTF-8"?>
<!-- Generated by org.testng.reporters.JUnitReportReporter -->
<testsuite name="MobileAuto.AutomationTestsiOS.Test1" tests="1" time="49.788" ignored="0" failures="0" timestamp="08 Feb 2017 22:51:17 GMT" skipped="0" hostname="Bazinga" errors="0">
  <testcase name="SearchItem" time="49.788" classname="MobileAuto.AutomationTestsiOS.Test1"/>
</testsuite> <!-- MobileAuto.AutomationTestsiOS.Test1 -->
