<?xml version="1.0" encoding="UTF-8"?>
<!-- Generated by org.testng.reporters.JUnitReportReporter -->
<testsuite name="MobileAuto.AutomationTestsiOS.Test2RealDevice" tests="1" time="132.736" ignored="0" failures="0" timestamp="15 Feb 2017 18:39:49 GMT" skipped="0" hostname="Bazinga" errors="0">
  <testcase name="InShorts" time="132.736" classname="MobileAuto.AutomationTestsiOS.Test2RealDevice"/>
</testsuite> <!-- MobileAuto.AutomationTestsiOS.Test2RealDevice -->
